<?xml version="1.0" encoding="UTF-8"?>
<testsuite name="tests.RegistrationTest" tests="1" skipped="0" failures="0" errors="0" timestamp="2021-11-28T18:17:46" hostname="ROMAN" time="1.105">
  <properties/>
  <testcase name="RegistrationPositiveTest" classname="tests.RegistrationTest" time="1.105"/>
  <system-out><![CDATA[20:17:46  INFO  tests.TestBase - Start Test --> RegistrationPositiveTest
hello
20:17:46  INFO  manager.MyListener - Start search element by locator -->By.xpath: //button[text()='Sign Out']
20:17:46  INFO  manager.MyListener - The element with locator --> By.xpath: //button[text()='Sign Out'] was found
hello
20:17:46  INFO  manager.MyListener - Start search element by locator -->By.xpath: //button[text()='Sign Out']
20:17:46  INFO  manager.MyListener - The element with locator --> By.xpath: //button[text()='Sign Out'] was found
20:17:46  INFO  tests.TestBase - Test Registration Positive starts with email>>>>Suren1066@gmail.com
20:17:46  INFO  tests.TestBase - Test Registration Positive starts with password>>>>Nnoa12345$
hello
20:17:46  INFO  manager.MyListener - Start search element by locator -->By.xpath: //a[text()='LOGIN']
20:17:47  INFO  manager.MyListener - The element with locator --> By.xpath: //a[text()='LOGIN'] was found
hello
20:17:47  INFO  manager.MyListener - Start search element by locator -->By.xpath: //input[1]
20:17:47  INFO  manager.MyListener - The element with locator --> By.xpath: //input[1] was found
hello
20:17:47  INFO  manager.MyListener - Start search element by locator -->By.xpath: //input[2]
20:17:47  INFO  manager.MyListener - The element with locator --> By.xpath: //input[2] was found
hello
20:17:47  INFO  manager.MyListener - Start search element by locator -->By.xpath: //button[2]
20:17:47  INFO  manager.MyListener - The element with locator --> By.xpath: //button[2] was found
hello
20:17:48  INFO  manager.MyListener - Start search element by locator -->By.xpath: //button[text()='Sign Out']
20:17:48  INFO  manager.MyListener - The element with locator --> By.xpath: //button[text()='Sign Out'] was found
20:17:48  INFO  tests.TestBase - ***************************************************
]]></system-out>
  <system-err><![CDATA[]]></system-err>
</testsuite>
