<?xml version="1.0" encoding="UTF-8"?>
<testsuite name="tests.AddNewContactTest" tests="3" skipped="0" failures="0" errors="0" timestamp="2021-11-28T18:17:31" hostname="ROMAN" time="15.268">
  <properties/>
  <testcase name="addNewContactPositiveTest" classname="tests.AddNewContactTest" time="2.444"/>
  <testcase name="addNewContactPositiveTest" classname="tests.AddNewContactTest" time="2.399"/>
  <testcase name="addNewContactPositiveTest" classname="tests.AddNewContactTest" time="2.383"/>
  <system-out><![CDATA[20:17:27  INFO  tests.TestBase - Start Test --> addNewContactPositiveTest
hello
20:17:27  INFO  manager.MyListener - Start search element by locator -->By.xpath: //a[.='LOGIN']
20:17:31  INFO  manager.MyListener - The element with locator --> By.xpath: //a[.='LOGIN'] was found
hello
20:17:31  INFO  manager.MyListener - Start search element by locator -->By.xpath: //a[.='ADD']
20:17:31  INFO  manager.MyListener - The element with locator --> By.xpath: //a[.='ADD'] was found
hello
20:17:31  INFO  manager.MyListener - Start search element by locator -->By.xpath: //div[@class='add_form__2rsm2']
20:17:31  INFO  manager.MyListener - The element with locator --> By.xpath: //div[@class='add_form__2rsm2'] was found
hello
20:17:31  INFO  manager.MyListener - Start search element by locator -->By.xpath: //input[@placeholder='Name']
20:17:31  INFO  manager.MyListener - The element with locator --> By.xpath: //input[@placeholder='Name'] was found
hello
20:17:32  INFO  manager.MyListener - Start search element by locator -->By.xpath: //input[@placeholder='Last Name']
20:17:32  INFO  manager.MyListener - The element with locator --> By.xpath: //input[@placeholder='Last Name'] was found
hello
20:17:32  INFO  manager.MyListener - Start search element by locator -->By.xpath: //input[@placeholder='Phone']
20:17:32  INFO  manager.MyListener - The element with locator --> By.xpath: //input[@placeholder='Phone'] was found
hello
20:17:32  INFO  manager.MyListener - Start search element by locator -->By.xpath: //input[@placeholder='email']
20:17:32  INFO  manager.MyListener - The element with locator --> By.xpath: //input[@placeholder='email'] was found
hello
20:17:32  INFO  manager.MyListener - Start search element by locator -->By.xpath: //input[@placeholder='Address']
20:17:32  INFO  manager.MyListener - The element with locator --> By.xpath: //input[@placeholder='Address'] was found
hello
20:17:33  INFO  manager.MyListener - Start search element by locator -->By.xpath: //input[@placeholder='description']
20:17:33  INFO  manager.MyListener - The element with locator --> By.xpath: //input[@placeholder='description'] was found
hello
20:17:33  INFO  manager.MyListener - Start search element by locator -->By.xpath: //button[.='Save']
20:17:33  INFO  manager.MyListener - The element with locator --> By.xpath: //button[.='Save'] was found
hello
20:17:33  INFO  manager.MyListener - Start search element by locator -->By.xpath: //div[@class='contact-page_leftdiv__yhyke']
20:17:33  INFO  manager.MyListener - The element with locator --> By.xpath: //div[@class='contact-page_leftdiv__yhyke'] was found
20:17:33  INFO  tests.TestBase - ***************************************************
20:17:33  INFO  tests.TestBase - Start Test --> addNewContactPositiveTest
hello
20:17:33  INFO  manager.MyListener - Start search element by locator -->By.xpath: //a[.='LOGIN']
20:17:37  INFO  manager.MyListener - The element with locator --> By.xpath: //a[.='LOGIN'] was found
hello
20:17:37  INFO  manager.MyListener - Start search element by locator -->By.xpath: //a[.='ADD']
20:17:37  INFO  manager.MyListener - The element with locator --> By.xpath: //a[.='ADD'] was found
hello
20:17:38  INFO  manager.MyListener - Start search element by locator -->By.xpath: //div[@class='add_form__2rsm2']
20:17:38  INFO  manager.MyListener - The element with locator --> By.xpath: //div[@class='add_form__2rsm2'] was found
hello
20:17:38  INFO  manager.MyListener - Start search element by locator -->By.xpath: //input[@placeholder='Name']
20:17:38  INFO  manager.MyListener - The element with locator --> By.xpath: //input[@placeholder='Name'] was found
hello
20:17:38  INFO  manager.MyListener - Start search element by locator -->By.xpath: //input[@placeholder='Last Name']
20:17:38  INFO  manager.MyListener - The element with locator --> By.xpath: //input[@placeholder='Last Name'] was found
hello
20:17:38  INFO  manager.MyListener - Start search element by locator -->By.xpath: //input[@placeholder='Phone']
20:17:38  INFO  manager.MyListener - The element with locator --> By.xpath: //input[@placeholder='Phone'] was found
hello
20:17:39  INFO  manager.MyListener - Start search element by locator -->By.xpath: //input[@placeholder='email']
20:17:39  INFO  manager.MyListener - The element with locator --> By.xpath: //input[@placeholder='email'] was found
hello
20:17:39  INFO  manager.MyListener - Start search element by locator -->By.xpath: //input[@placeholder='Address']
20:17:39  INFO  manager.MyListener - The element with locator --> By.xpath: //input[@placeholder='Address'] was found
hello
20:17:39  INFO  manager.MyListener - Start search element by locator -->By.xpath: //input[@placeholder='description']
20:17:39  INFO  manager.MyListener - The element with locator --> By.xpath: //input[@placeholder='description'] was found
hello
20:17:39  INFO  manager.MyListener - Start search element by locator -->By.xpath: //button[.='Save']
20:17:39  INFO  manager.MyListener - The element with locator --> By.xpath: //button[.='Save'] was found
hello
20:17:40  INFO  manager.MyListener - Start search element by locator -->By.xpath: //div[@class='contact-page_leftdiv__yhyke']
20:17:40  INFO  manager.MyListener - The element with locator --> By.xpath: //div[@class='contact-page_leftdiv__yhyke'] was found
20:17:40  INFO  tests.TestBase - ***************************************************
20:17:40  INFO  tests.TestBase - Start Test --> addNewContactPositiveTest
hello
20:17:40  INFO  manager.MyListener - Start search element by locator -->By.xpath: //a[.='LOGIN']
20:17:44  INFO  manager.MyListener - The element with locator --> By.xpath: //a[.='LOGIN'] was found
hello
20:17:44  INFO  manager.MyListener - Start search element by locator -->By.xpath: //a[.='ADD']
20:17:44  INFO  manager.MyListener - The element with locator --> By.xpath: //a[.='ADD'] was found
hello
20:17:44  INFO  manager.MyListener - Start search element by locator -->By.xpath: //div[@class='add_form__2rsm2']
20:17:44  INFO  manager.MyListener - The element with locator --> By.xpath: //div[@class='add_form__2rsm2'] was found
hello
20:17:44  INFO  manager.MyListener - Start search element by locator -->By.xpath: //input[@placeholder='Name']
20:17:44  INFO  manager.MyListener - The element with locator --> By.xpath: //input[@placeholder='Name'] was found
hello
20:17:44  INFO  manager.MyListener - Start search element by locator -->By.xpath: //input[@placeholder='Last Name']
20:17:44  INFO  manager.MyListener - The element with locator --> By.xpath: //input[@placeholder='Last Name'] was found
hello
20:17:45  INFO  manager.MyListener - Start search element by locator -->By.xpath: //input[@placeholder='Phone']
20:17:45  INFO  manager.MyListener - The element with locator --> By.xpath: //input[@placeholder='Phone'] was found
hello
20:17:45  INFO  manager.MyListener - Start search element by locator -->By.xpath: //input[@placeholder='email']
20:17:45  INFO  manager.MyListener - The element with locator --> By.xpath: //input[@placeholder='email'] was found
hello
20:17:45  INFO  manager.MyListener - Start search element by locator -->By.xpath: //input[@placeholder='Address']
20:17:45  INFO  manager.MyListener - The element with locator --> By.xpath: //input[@placeholder='Address'] was found
hello
20:17:46  INFO  manager.MyListener - Start search element by locator -->By.xpath: //input[@placeholder='description']
20:17:46  INFO  manager.MyListener - The element with locator --> By.xpath: //input[@placeholder='description'] was found
hello
20:17:46  INFO  manager.MyListener - Start search element by locator -->By.xpath: //button[.='Save']
20:17:46  INFO  manager.MyListener - The element with locator --> By.xpath: //button[.='Save'] was found
hello
20:17:46  INFO  manager.MyListener - Start search element by locator -->By.xpath: //div[@class='contact-page_leftdiv__yhyke']
20:17:46  INFO  manager.MyListener - The element with locator --> By.xpath: //div[@class='contact-page_leftdiv__yhyke'] was found
20:17:46  INFO  tests.TestBase - ***************************************************
]]></system-out>
  <system-err><![CDATA[]]></system-err>
</testsuite>
