<?xml version="1.0" encoding="UTF-8"?>
<testsuite name="tests.LoginTest" tests="1" skipped="0" failures="0" errors="0" timestamp="2021-11-28T18:17:24" hostname="ROMAN" time="2.896">
  <properties/>
  <testcase name="LoginTest2" classname="tests.LoginTest" time="2.896"/>
  <system-out><![CDATA[20:17:24  INFO  tests.TestBase - Start Test --> LoginTest2
hello
20:17:24  INFO  manager.MyListener - Start search element by locator -->By.xpath: //a[text()='LOGIN']
20:17:24  INFO  manager.MyListener - The element with locator --> By.xpath: //a[text()='LOGIN'] was found
hello
20:17:24  INFO  manager.MyListener - Start search element by locator -->By.xpath: //input[1]
20:17:24  INFO  manager.MyListener - The element with locator --> By.xpath: //input[1] was found
hello
20:17:25  INFO  manager.MyListener - Start search element by locator -->By.xpath: //input[2]
20:17:25  INFO  manager.MyListener - The element with locator --> By.xpath: //input[2] was found
hello
20:17:26  INFO  manager.MyListener - Start search element by locator -->By.xpath: //button[1]
20:17:26  INFO  manager.MyListener - The element with locator --> By.xpath: //button[1] was found
hello
20:17:26  INFO  manager.MyListener - Start search element by locator -->By.xpath: //button[text()='Sign Out']
20:17:27  INFO  manager.MyListener - The element with locator --> By.xpath: //button[text()='Sign Out'] was found
20:17:27  INFO  tests.TestBase - ***************************************************
]]></system-out>
  <system-err><![CDATA[]]></system-err>
</testsuite>
