<?xml version="1.0" encoding="UTF-8"?>
<testsuite name="tests.LoginTest" tests="1" skipped="0" failures="0" errors="0" timestamp="2021-11-30T20:04:13" hostname="ROMAN" time="2.767">
  <properties/>
  <testcase name="LoginTest2" classname="tests.LoginTest" time="2.767"/>
  <system-out><![CDATA[22:04:13  INFO  tests.TestBase - Start Test --> LoginTest2
hello
22:04:13  INFO  manager.MyListener - Start search element by locator -->By.xpath: //a[text()='LOGIN']
22:04:13  INFO  manager.MyListener - The element with locator --> By.xpath: //a[text()='LOGIN'] was found
hello
22:04:13  INFO  manager.MyListener - Start search element by locator -->By.xpath: //input[1]
22:04:13  INFO  manager.MyListener - The element with locator --> By.xpath: //input[1] was found
hello
22:04:14  INFO  manager.MyListener - Start search element by locator -->By.xpath: //input[2]
22:04:14  INFO  manager.MyListener - The element with locator --> By.xpath: //input[2] was found
hello
22:04:15  INFO  manager.MyListener - Start search element by locator -->By.xpath: //button[1]
22:04:15  INFO  manager.MyListener - The element with locator --> By.xpath: //button[1] was found
hello
22:04:15  INFO  manager.MyListener - Start search element by locator -->By.xpath: //button[text()='Sign Out']
22:04:16  INFO  manager.MyListener - The element with locator --> By.xpath: //button[text()='Sign Out'] was found
22:04:16  INFO  tests.TestBase - ***************************************************
]]></system-out>
  <system-err><![CDATA[]]></system-err>
</testsuite>
